<?xml version="1.0" encoding="UTF-8"?>
<testng-results skipped="0" failed="0" ignored="0" total="1" passed="1">
  <reporter-output>
  </reporter-output>
  <suite name="Default suite" duration-ms="77" started-at="2018-03-15T03:17:02Z" finished-at="2018-03-15T03:17:02Z">
    <groups>
    </groups>
    <test name="Default test" duration-ms="77" started-at="2018-03-15T03:17:02Z" finished-at="2018-03-15T03:17:02Z">
      <class name="DateCalenderOperations.DateTest">
        <test-method status="PASS" signature="dateformat()[pri:0, instance:DateCalenderOperations.DateTest@150efb8]" name="dateformat" duration-ms="30" started-at="2018-03-15T08:47:02Z" finished-at="2018-03-15T08:47:02Z">
          <reporter-output>
          </reporter-output>
        </test-method> <!-- dateformat -->
      </class> <!-- DateCalenderOperations.DateTest -->
    </test> <!-- Default test -->
  </suite> <!-- Default suite -->
</testng-results>
